[debug] [2024-07-08T08:43:53.463Z] ----------------------------------------------------------------------
[debug] [2024-07-08T08:43:53.465Z] Command:       /opt/homebrew/Cellar/node/21.7.1/bin/node /opt/homebrew/bin/firebase projects:list --json
[debug] [2024-07-08T08:43:53.465Z] CLI Version:   12.5.4
[debug] [2024-07-08T08:43:53.465Z] Platform:      darwin
[debug] [2024-07-08T08:43:53.465Z] Node Version:  v21.7.1
[debug] [2024-07-08T08:43:53.465Z] Time:          Mon Jul 08 2024 15:43:53 GMT+0700 (Indochina Time)
[debug] [2024-07-08T08:43:53.465Z] ----------------------------------------------------------------------
[debug] 
[debug] [2024-07-08T08:43:53.467Z] >>> [apiv2][query] GET https://firebase-public.firebaseio.com/cli.json [none]
[debug] [2024-07-08T08:43:53.481Z] > command requires scopes: ["email","openid","https://www.googleapis.com/auth/cloudplatformprojects.readonly","https://www.googleapis.com/auth/firebase","https://www.googleapis.com/auth/cloud-platform"]
[debug] [2024-07-08T08:43:53.481Z] > authorizing via signed-in user (loitp@galaxyjoy.vn)
[debug] [2024-07-08T08:43:53.482Z] > refreshing access token with scopes: []
[debug] [2024-07-08T08:43:53.482Z] >>> [apiv2][query] POST https://www.googleapis.com/oauth2/v3/token [none]
[debug] [2024-07-08T08:43:53.482Z] >>> [apiv2][body] POST https://www.googleapis.com/oauth2/v3/token [omitted]
[debug] [2024-07-08T08:43:53.738Z] <<< [apiv2][status] POST https://www.googleapis.com/oauth2/v3/token 400
[debug] [2024-07-08T08:43:53.738Z] <<< [apiv2][body] POST https://www.googleapis.com/oauth2/v3/token [omitted]
[debug] [2024-07-08T08:43:53.739Z] >>> [apiv2][query] GET https://firebase.googleapis.com/v1beta1/projects pageSize=1000
[debug] [2024-07-08T08:43:53.972Z] <<< [apiv2][status] GET https://firebase-public.firebaseio.com/cli.json 200
[debug] [2024-07-08T08:43:53.973Z] <<< [apiv2][body] GET https://firebase-public.firebaseio.com/cli.json {"cloudBuildErrorAfter":1594252800000,"cloudBuildWarnAfter":1590019200000,"defaultNode10After":1594252800000,"minVersion":"3.0.5","node8DeploysDisabledAfter":1613390400000,"node8RuntimeDisabledAfter":1615809600000,"node8WarnAfter":1600128000000}
[debug] [2024-07-08T08:43:53.999Z] <<< [apiv2][status] GET https://firebase.googleapis.com/v1beta1/projects 401
[debug] [2024-07-08T08:43:54.000Z] <<< [apiv2][body] GET https://firebase.googleapis.com/v1beta1/projects [omitted]
[debug] [2024-07-08T08:43:54.001Z] HTTP Error: 401, Request had invalid authentication credentials. Expected OAuth 2 access token, login cookie or other valid authentication credential. See https://developers.google.com/identity/sign-in/web/devconsole-project.
[debug] [2024-07-08T08:43:54.188Z] FirebaseError: HTTP Error: 401, Request had invalid authentication credentials. Expected OAuth 2 access token, login cookie or other valid authentication credential. See https://developers.google.com/identity/sign-in/web/devconsole-project.
    at responseToError (/opt/homebrew/lib/node_modules/firebase-tools/lib/responseToError.js:49:12)
    at RetryOperation._fn (/opt/homebrew/lib/node_modules/firebase-tools/lib/apiv2.js:285:77)
    at process.processTicksAndRejections (node:internal/process/task_queues:95:5)
[error] 
[error] Error: Failed to list Firebase projects. See firebase-debug.log for more info.
